[debug] [2020-06-23T05:02:35.481Z] ----------------------------------------------------------------------
[debug] [2020-06-23T05:02:35.486Z] Command:       C:\Program Files\nodejs\node.exe C:\Users\Lenovo\AppData\Roaming\npm\node_modules\firebase-tools\lib\bin\firebase.js init
[debug] [2020-06-23T05:02:35.487Z] CLI Version:   8.4.3
[debug] [2020-06-23T05:02:35.487Z] Platform:      win32
[debug] [2020-06-23T05:02:35.487Z] Node Version:  v12.16.3
[debug] [2020-06-23T05:02:35.555Z] Time:          Mon Jun 22 2020 23:02:35 GMT-0600 (GMT-06:00)
[debug] [2020-06-23T05:02:35.556Z] ----------------------------------------------------------------------
[debug] [2020-06-23T05:02:35.556Z] 
[debug] [2020-06-23T05:02:35.651Z] > command requires scopes: ["email","openid","https://www.googleapis.com/auth/cloudplatformprojects.readonly","https://www.googleapis.com/auth/firebase","https://www.googleapis.com/auth/cloud-platform"]
[debug] [2020-06-23T05:02:35.654Z] > authorizing via signed-in user
[info] 
     ######## #### ########  ######## ########     ###     ######  ########
     ##        ##  ##     ## ##       ##     ##  ##   ##  ##       ##
     ######    ##  ########  ######   ########  #########  ######  ######
     ##        ##  ##    ##  ##       ##     ## ##     ##       ## ##
     ##       #### ##     ## ######## ########  ##     ##  ######  ########

You're about to initialize a Firebase project in this directory:

  C:\Users\Lenovo\desktop\asignacion-lugares

[info] 
=== Project Setup
[info] 
[info] First, let's associate this project directory with a Firebase project.
[info] You can create multiple project aliases by running firebase use --add, 
[info] but for now we'll just set up a default project.
[info] 
[debug] [2020-06-23T05:02:49.302Z] >>> HTTP REQUEST GET https://firebase.googleapis.com/v1beta1/projects?pageSize=100  
 
[debug] [2020-06-23T05:02:49.819Z] <<< HTTP RESPONSE 200 {"content-type":"application/json; charset=UTF-8","vary":"X-Origin, Referer, Origin,Accept-Encoding","date":"Tue, 23 Jun 2020 05:02:50 GMT","server":"ESF","cache-control":"private","x-xss-protection":"0","x-frame-options":"SAMEORIGIN","x-content-type-options":"nosniff","alt-svc":"h3-28=\":443\"; ma=2592000,h3-27=\":443\"; ma=2592000,h3-25=\":443\"; ma=2592000,h3-T050=\":443\"; ma=2592000,h3-Q050=\":443\"; ma=2592000,h3-Q049=\":443\"; ma=2592000,h3-Q048=\":443\"; ma=2592000,h3-Q046=\":443\"; ma=2592000,h3-Q043=\":443\"; ma=2592000,quic=\":443\"; ma=2592000; v=\"46,43\"","accept-ranges":"none","transfer-encoding":"chunked"}
[info] i  Using project asignacion1-lugaresjb (Asignacion1-LugaresJB) 
[info] 
=== Database Setup
[info] 
[info] Firebase Realtime Database Rules allow you to define how your data should be
[info] structured and when your data can be read from and written to.
[info] 
[debug] [2020-06-23T05:03:07.513Z] >>> HTTP REQUEST GET https://asignacion1-lugaresjb.firebaseio.com/.settings/rules.json  
 
[debug] [2020-06-23T05:03:08.028Z] <<< HTTP RESPONSE 200 {"server":"nginx","date":"Tue, 23 Jun 2020 05:03:09 GMT","content-type":"application/json; charset=utf-8","content-length":"161","connection":"keep-alive","access-control-allow-origin":"*","cache-control":"no-cache","strict-transport-security":"max-age=31556926; includeSubDomains; preload"}
[debug] [2020-06-23T05:03:08.322Z] Error: EISDIR: illegal operation on a directory, open 'C:\Users\Lenovo\desktop\asignacion-lugares'
    at Object.openSync (fs.js:458:3)
    at Object.writeFileSync (fs.js:1279:35)
    at Config.writeProjectFile (C:\Users\Lenovo\AppData\Roaming\npm\node_modules\firebase-tools\lib\config.js:155:8)
    at C:\Users\Lenovo\AppData\Roaming\npm\node_modules\firebase-tools\lib\init\features\database.js:25:23
    at processTicksAndRejections (internal/process/task_queues.js:97:5)
[error] 
[error] Error: An unexpected error has occurred.
